--------------------
VASP calculator parameters:
encut: 400.0          Planewave cutoff
sigma: 0.1            Width of smearing in eV. Default= 0.2
ediff: 1e-06          Stopping-criterion for electronic SC-loop. Default = 1e-4
algo: 'fast'          Electronic minimization algorithm: The Blocked Davdison iteration scheme will be used for the initial phase followed by the RMM-DIIS
gga: 'PE'             Type of GGA: Perdew-Burke-Erzenhof
prec: 'normal'        Default set of parameters used.
ismear: -1            Fermi-smearing [VASP Default]
ispin: 1              Non-spin polarized calculations. [VASP Default]
nelmdl: -4            Number of initial electronic steps
nelmin: 4             Minimum number of initial electronic steps
npar: 4               Parallelization over bands
lcharg: False         LCHARG will NOT be printed.
lwave: False          LWAVE will NOT be printed.
lreal: 'auto'         Projection done in real space. Fully automatic optimization of projection operators. No user interference required.
xc: 'PBE'             Exchange functional
pp: 'PBE'             Pseudopotential used.
txt: '-'              No help entry found for parameter txt
kpts: (1, 1, 1)       Number of k-points
gamma: False          K point not necessarily placed at the gamma point.
reciprocal: False     Projection operators evaluated in real space.
--------------------
TclError: no display name and no $DISPLAY environment variable
To get a full traceback, use: ase -T gui ...
       Step     Time          Energy         fmax
*Force-consistent energies used in optimization.
LBFGS:    0 10:36:21      -22.945583*       1.0657
LBFGS:    1 10:36:51      -22.917674*       2.9254
LBFGS:    2 10:37:20      -22.950289*       0.0472
LBFGS:    3 10:37:48      -22.950300*       0.0047
Traceback (most recent call last):
  File "C2H2.py", line 58, in <module>
    print('Energy = {} eV'.format(H2O.get_potential_energy()))
NameError: name 'H2O' is not defined
