--------------------
VASP calculator parameters:
encut: 400.0          Planewave cutoff
sigma: 0.1            Width of smearing in eV. Default= 0.2
ediff: 1e-06          Stopping-criterion for electronic SC-loop. Default = 1e-4
algo: 'fast'          Electronic minimization algorithm: The Blocked Davdison iteration scheme will be used for the initial phase followed by the RMM-DIIS
gga: 'PE'             Type of GGA: Perdew-Burke-Erzenhof
prec: 'normal'        Default set of parameters used.
ismear: -1            Fermi-smearing [VASP Default]
ispin: 1              Non-spin polarized calculations. [VASP Default]
nelmdl: -4            Number of initial electronic steps
nelmin: 4             Minimum number of initial electronic steps
ncore: 4              Number of cores per band, equal to number of cores divided by npar
lcharg: False         LCHARG will NOT be printed.
lwave: False          LWAVE will NOT be printed.
lreal: 'auto'         Projection done in real space. Fully automatic optimization of projection operators. No user interference required.
xc: 'PBE'             Exchange functional
pp: 'PBE'             Pseudopotential used.
txt: '-'              No help entry found for parameter txt
kpts: (1, 1, 1)       Number of k-points
gamma: False          K point not necessarily placed at the gamma point.
reciprocal: False     Projection operators evaluated in real space.
--------------------
Writing vib.eq.pckl
Writing vib.0x-.pckl
Writing vib.0x+.pckl
Writing vib.0y-.pckl
Writing vib.0y+.pckl
Writing vib.0z-.pckl
Writing vib.0z+.pckl
Writing vib.1x-.pckl
Writing vib.1x+.pckl
Writing vib.1y-.pckl
Writing vib.1y+.pckl
Writing vib.1z-.pckl
Writing vib.1z+.pckl
Writing vib.2x-.pckl
Writing vib.2x+.pckl
Writing vib.2y-.pckl
Writing vib.2y+.pckl
Writing vib.2z-.pckl
Writing vib.2z+.pckl
Writing vib.3x-.pckl
Writing vib.3x+.pckl
Writing vib.3y-.pckl
Writing vib.3y+.pckl
Writing vib.3z-.pckl
Writing vib.3z+.pckl
Writing vib.4x-.pckl
Writing vib.4x+.pckl
Writing vib.4y-.pckl
Writing vib.4y+.pckl
Writing vib.4z-.pckl
Writing vib.4z+.pckl
---------------------
  #    meV     cm^-1
---------------------
  0    0.4i      3.3i
  1    0.3i      2.8i
  2    0.3i      2.2i
  3    6.3      50.7 
  4    6.3      50.8 
  5    6.3      50.9 
  6  159.1    1283.4 
  7  159.1    1283.4 
  8  159.1    1283.5 
  9  186.8    1506.6 
 10  186.8    1506.6 
 11  367.7    2965.4 
 12  382.2    3082.9 
 13  382.2    3082.9 
 14  382.2    3082.9 
---------------------
Zero-point energy: 1.192 eV
