--------------------
VASP calculator parameters:
encut: 400.0          Planewave cutoff
sigma: 0.1            Width of smearing in eV. Default= 0.2
ediff: 1e-06          Stopping-criterion for electronic SC-loop. Default = 1e-4
algo: 'fast'          Electronic minimization algorithm: The Blocked Davdison iteration scheme will be used for the initial phase followed by the RMM-DIIS
gga: 'PE'             Type of GGA: Perdew-Burke-Erzenhof
prec: 'normal'        Default set of parameters used.
ismear: -1            Fermi-smearing [VASP Default]
ispin: 1              Non-spin polarized calculations. [VASP Default]
nelmdl: -4            Number of initial electronic steps
nelmin: 4             Minimum number of initial electronic steps
ncore: 4              Number of cores per band, equal to number of cores divided by npar
lcharg: False         LCHARG will NOT be printed.
lwave: False          LWAVE will NOT be printed.
lreal: 'auto'         Projection done in real space. Fully automatic optimization of projection operators. No user interference required.
xc: 'PBE'             Exchange functional
pp: 'PBE'             Pseudopotential used.
txt: '-'              No help entry found for parameter txt
kpts: (1, 1, 1)       Number of k-points
gamma: False          K point not necessarily placed at the gamma point.
reciprocal: False     Projection operators evaluated in real space.
--------------------
Writing vib.eq.pckl
Writing vib.0x-.pckl
Writing vib.0x+.pckl
Writing vib.0y-.pckl
Writing vib.0y+.pckl
Writing vib.0z-.pckl
Writing vib.0z+.pckl
Writing vib.1x-.pckl
Writing vib.1x+.pckl
Writing vib.1y-.pckl
Writing vib.1y+.pckl
Writing vib.1z-.pckl
Writing vib.1z+.pckl
Writing vib.2x-.pckl
Writing vib.2x+.pckl
Writing vib.2y-.pckl
Writing vib.2y+.pckl
Writing vib.2z-.pckl
Writing vib.2z+.pckl
Writing vib.3x-.pckl
Writing vib.3x+.pckl
Writing vib.3y-.pckl
Writing vib.3y+.pckl
Writing vib.3z-.pckl
Writing vib.3z+.pckl
---------------------
  #    meV     cm^-1
---------------------
  0    1.1i      8.8i
  1    0.8i      6.1i
  2    0.4i      3.4i
  3   10.6      85.7 
  4   11.2      90.3 
  5   76.0     613.0 
  6   76.0     613.4 
  7   91.8     740.3 
  8   93.4     753.3 
  9  249.4    2011.4 
 10  413.5    3334.7 
 11  425.7    3433.8 
---------------------
Zero-point energy: 0.724 eV
